2021-09-10T03:45:43.298Z/
2021-09-10T03:45:43.404Z/favicon.ico
2021-09-10T03:46:28.945Z/ShowAllRoom
2021-09-10T03:48:36.738Z/menus
2021-09-10T03:53:48.700Z/menus
2021-09-10T03:54:12.761Z/menus
2021-09-10T03:54:15.196Z/menus
2021-09-10T03:54:51.216Z/menus
2021-09-10T03:55:59.816Z/menus
2021-09-10T03:56:00.452Z/menus
2021-09-10T03:56:01.684Z/menus
2021-09-10T03:57:13.672Z/menus
2021-09-10T03:57:23.532Z/menus
2021-09-10T03:57:45.229Z/menus
2021-09-10T03:57:53.544Z/menus
2021-09-10T03:58:00.949Z/menus
2021-09-10T03:59:30.407Z/menus
2021-09-10T04:00:39.863Z/menus
2021-09-10T04:00:49.909Z/menus
2021-09-10T04:01:12.753Z/menus
2021-09-10T04:01:16.396Z/menusd
2021-09-10T04:06:06.513Z/menus
2021-09-10T04:06:31.567Z/menus
2021-09-10T04:06:41.279Z/menus
2021-09-10T04:06:42.498Z/menus
2021-09-10T04:06:44.891Z/menus
2021-09-10T04:07:09.328Z/menus
2021-09-10T04:07:11.235Z/menus
2021-09-10T04:07:53.928Z/menus
2021-09-10T04:10:30.243Z/checkDetail
2021-09-10T04:10:39.533Z/Checkmenu
2021-09-10T04:11:02.399Z/Checkmenu
2021-09-10T04:11:03.443Z/Checkmenu
2021-09-10T04:11:13.008Z/Checkmenu?id=1
2021-09-10T04:11:37.815Z/Checkmenu?Type=1
2021-09-10T04:12:07.510Z/Checkmenu?Type=Double
2021-09-10T04:12:13.991Z/Checkmenu?type=Double
2021-09-10T04:12:40.140Z/Checkmenu?type=Double
2021-09-10T04:12:56.933Z/Checkmenu?Type=Double
2021-09-10T04:15:59.701Z/Checkmenu?Type=Double
2021-09-10T04:16:02.357Z/Checkmenu?Type=Double
2021-09-10T04:16:39.415Z/menus
2021-09-10T04:20:38.428Z/menu?id=1
2021-09-10T04:20:55.239Z/menu?id=99
2021-09-10T04:22:32.238Z/menu?id=99
2021-09-10T04:22:32.855Z/menu?id=99
2021-09-10T04:22:34.986Z/menu?id=1
2021-09-10T04:23:36.370Z/menu?id=2
2021-09-10T04:23:42.050Z/menu?id=1
2021-09-10T04:23:50.293Z/menu?id=2
2021-09-10T04:23:53.488Z/menu?id=3
2021-09-10T04:24:45.362Z/menu?id=3
2021-09-10T04:24:46.730Z/menu?id=3
2021-09-10T04:25:06.388Z/menu?id=3
2021-09-10T04:25:06.880Z/menu?id=3
2021-09-10T04:25:07.527Z/menu?id=3
2021-09-10T04:25:17.694Z/menu?id=3
2021-09-10T04:25:18.512Z/menu?id=3
2021-09-10T04:25:19.776Z/menu?id=3
2021-09-10T04:25:21.615Z/menu?id=3
2021-09-10T04:25:30.988Z/menu?id=3
2021-09-10T04:25:31.831Z/menu?id=3
2021-09-10T04:25:32.543Z/menu?id=3
2021-09-10T04:25:33.383Z/menu?id=3
2021-09-10T04:25:34.599Z/menu?id=3
2021-09-10T04:25:35.599Z/menu?id=3
2021-09-10T04:25:36.271Z/menu?id=3
2021-09-10T04:25:37.127Z/menu?id=3
2021-09-10T04:26:42.531Z/menu?id=3
2021-09-10T04:26:43.384Z/menu?id=3
2021-09-10T04:26:58.089Z/menu?id=3
2021-09-10T04:26:58.767Z/menu?id=3
2021-09-10T04:27:02.466Z/menu?id=99
2021-09-10T04:28:37.988Z/menu?id=99
2021-09-10T04:28:40.489Z/menu?id=1
2021-09-10T04:28:41.563Z/menu?id=99
2021-09-10T04:28:42.944Z/menu?id=99
2021-09-10T04:29:54.154Z/menu?id=1
2021-09-10T04:29:55.055Z/menu?id=1
2021-09-10T04:29:56.206Z/menu?id=1
2021-09-10T04:29:57.463Z/menu?id=1
2021-09-10T04:33:15.261Z/menu?id=1
2021-09-10T04:33:17.232Z/menu?id=1
2021-09-10T04:33:25.956Z/menu?id=1
2021-09-10T04:35:58.632Z/menu?id=1
2021-09-10T04:36:11.539Z/menu?id=1
2021-09-10T04:36:12.614Z/menu?id=1
2021-09-10T04:36:20.084Z/menu?id=1
2021-09-10T04:36:21.398Z/menu?id=1
2021-09-10T04:36:25.468Z/menu?id=2
2021-09-10T04:37:32.123Z/menu?id=2
2021-09-10T04:37:33.415Z/menu?id=2
2021-09-10T04:37:41.101Z/menu?id=99
2021-09-10T04:37:52.515Z/menu?id=99
2021-09-10T04:41:03.324Z/menu?id=99
2021-09-10T04:41:04.358Z/menu?id=99
2021-09-10T04:41:38.490Z/menu?id=99
2021-09-10T04:41:54.506Z/menu?id=9
2021-09-10T04:41:58.943Z/menu?id=8
2021-09-10T04:42:30.349Z/menu?id=0
2021-09-10T04:42:33.673Z/menu?id=3
2021-09-10T04:42:47.107Z/menu?id=3
2021-09-10T04:42:47.990Z/menu?id=3
2021-09-10T04:42:49.868Z/menu?id=2
2021-09-10T04:42:59.313Z/menu?id=2
2021-09-10T04:43:00.373Z/menu?id=2
2021-09-10T04:43:17.219Z/menu?id=2
2021-09-10T04:43:18.374Z/menu?id=2
2021-09-10T04:43:19.166Z/menu?id=2
2021-09-10T04:43:29.764Z/menu?id=2
2021-09-10T04:43:30.956Z/menu?id=2
2021-09-10T04:43:49.480Z/menu?id=2
2021-09-10T04:43:50.676Z/menu?id=2
2021-09-10T04:43:52.797Z/menu?id=2
2021-09-10T04:44:18.111Z/menu?id=2
2021-09-10T04:44:19.079Z/menu?id=2
2021-09-10T04:44:50.436Z/menu?id=4
2021-09-10T04:45:14.417Z/menu?id=4
2021-09-10T04:45:40.839Z/menu?id=4
2021-09-10T04:45:47.480Z/menu?id=4
2021-09-10T04:46:01.465Z/menu?id=4
2021-09-10T04:47:02.955Z/menu?id=4
2021-09-10T04:47:05.602Z/menu?id=99
2021-09-10T04:47:55.530Z/menu?id=99
2021-09-10T04:47:56.893Z/menu?id=99
2021-09-10T04:48:04.192Z/menu?id=4
2021-09-10T04:48:21.635Z/menu?id=4
2021-09-10T04:48:22.909Z/menu?id=4
2021-09-10T04:48:32.731Z/menu?id=4
2021-09-10T04:48:55.179Z/menu?id=4
2021-09-10T04:48:55.942Z/menu?id=4
2021-09-10T04:48:57.045Z/menu?id=4
2021-09-10T04:49:05.492Z/menu?id=4
2021-09-10T04:49:33.186Z/menu?id=4
2021-09-10T04:50:04.344Z/menu?id=4
2021-09-10T04:50:05.230Z/menu?id=4
2021-09-10T04:50:44.462Z/menu?id=5
2021-09-10T04:51:07.248Z/menus
2021-09-10T04:51:49.848Z/menus
2021-09-10T04:52:29.880Z/menus
2021-09-10T04:52:31.133Z/menus
2021-09-10T04:52:32.549Z/menus
2021-09-10T04:52:41.373Z/menus
2021-09-10T04:52:42.270Z/menus
2021-09-10T04:52:43.756Z/menus
2021-09-10T04:53:57.657Z/menus
2021-09-10T04:54:23.975Z/menus
2021-09-10T04:54:54.511Z/menus
2021-09-10T04:55:03.999Z/menus
2021-09-10T04:55:40.709Z/menus
2021-09-10T04:55:41.811Z/menus
2021-09-10T04:55:50.175Z/menus
2021-09-10T04:55:58.536Z/menus
2021-09-10T04:55:59.356Z/menus
2021-09-10T04:58:36.774Z/menus
2021-09-10T04:58:39.396Z/menus
2021-09-10T04:58:44.460Z/menus
2021-09-10T04:58:59.168Z/menus
2021-09-10T04:59:37.690Z/menus
2021-09-10T04:59:48.442Z/menus
2021-09-10T05:00:44.048Z/Checkmenu?Type=Double
2021-09-10T05:00:45.003Z/Checkmenu?Type=Double
2021-09-10T05:01:16.057Z/menus
2021-09-10T05:01:19.804Z/menus
2021-09-10T05:01:53.318Z/menus
2021-09-10T05:02:03.651Z/menu?id=2
2021-09-10T05:02:45.097Z/menu?id=2
2021-09-10T05:02:46.044Z/menu?id=2
2021-09-10T05:02:47.460Z/menu?id=2
2021-09-10T05:02:55.873Z/menu?id=2
2021-09-10T05:02:57.085Z/menu?id=2
2021-09-10T05:02:58.084Z/menu?id=2
2021-09-10T05:04:05.960Z/menu?id=2
2021-09-10T05:04:07.005Z/menu?id=2
2021-09-10T05:04:15.840Z/menu?id=2
2021-09-10T05:04:37.354Z/menu?id=2
2021-09-10T05:04:42.063Z/menu?id=2
2021-09-10T05:05:00.128Z/menu?id=2
2021-09-10T05:05:29.749Z/menu?id=2
2021-09-10T05:05:30.508Z/menu?id=2
2021-09-10T05:06:01.425Z/menu?id=2
2021-09-10T05:06:02.340Z/menu?id=2
2021-09-10T05:06:10.700Z/menu?id=2
2021-09-10T05:07:22.384Z/menu?id=2
2021-09-10T05:07:23.283Z/menu?id=2
2021-09-10T05:07:33.063Z/menu?id=2
2021-09-10T05:07:33.811Z/menu?id=2
2021-09-10T05:07:50.894Z/menu?id=2
2021-09-10T05:08:45.392Z/menu?id=2
2021-09-10T05:08:54.184Z/menu?id=2
2021-09-10T05:08:54.580Z/menu?id=2
2021-09-10T05:08:55.844Z/menu?id=2
2021-09-10T05:09:25.017Z/menu?id=2
2021-09-10T05:09:27.078Z/menu?id=99
2021-09-10T05:09:32.148Z/menu?id=99
2021-09-10T05:09:35.456Z/menu?id=8
2021-09-10T05:09:41.174Z/menu?id=99
2021-09-10T05:09:44.159Z/menu?id=9
2021-09-10T05:09:47.806Z/menu?id=9
2021-09-10T05:10:41.431Z/menu?id=99
2021-09-10T05:10:46.806Z/menu?id=8
2021-09-10T05:11:24.799Z/menu?id=99
2021-09-10T05:12:00.461Z/menu?id=8
2021-09-10T05:12:03.922Z/menu?id=00
2021-09-10T05:12:09.203Z/menu?id=sdfg
2021-09-10T05:12:27.856Z/menu?id=sdfg
2021-09-10T05:12:35.744Z/menu?id=1
2021-09-10T05:14:27.172Z/
2021-09-10T05:14:28.046Z/CreateAccount
2021-09-10T05:16:18.464Z/CreateAccount/?Name=a/?Address=a/?Tel=11111
2021-09-10T05:16:30.832Z/CreateAccount/?Name=a&&?Address=a&&?Tel=11111
2021-09-10T05:16:39.249Z/CreateAccount
2021-09-10T05:16:51.344Z/CreateAccount
2021-09-10T05:16:56.443Z/CreateAccount
2021-09-10T05:17:45.998Z/CreateAccount/?Name=a&&?Address=a&&?Tel=11111
2021-09-10T05:18:01.560Z/CreateAccount/?Name=a&&?Address=a&&?Tel=11111
2021-09-10T05:18:03.698Z/CreateAccount/?Name=a&&?Address=a&&?Tel=11111
2021-09-10T05:18:07.499Z/CreateAccount/?Name=a&&?Address=a&&?Tel=11111
2021-09-10T05:19:22.091Z/CreateAccount/?Name=a&&?Address=a&&?Tel=11111
2021-09-10T05:22:22.691Z/menu?id=2
2021-09-10T05:22:27.098Z/order?id=2
2021-09-10T05:22:35.863Z/orders
2021-09-10T05:22:41.138Z/order
2021-09-10T05:22:55.847Z/order
2021-09-10T05:22:57.091Z/order
2021-09-10T05:23:36.030Z/order
2021-09-10T05:23:37.043Z/order
2021-09-10T05:23:38.729Z/order
2021-09-10T05:23:54.272Z/order
2021-09-10T05:24:27.180Z/menus
2021-09-10T05:24:32.945Z/order
2021-09-10T05:25:20.710Z/order
2021-09-10T05:25:21.658Z/order
2021-09-10T05:25:29.094Z/order?id=1
2021-09-10T05:26:08.999Z/menu?id=99
2021-09-10T05:26:11.672Z/menu?id=1
2021-09-10T05:26:16.874Z/order?id=1
2021-09-10T05:27:08.084Z/order?id=1
2021-09-10T05:27:16.535Z/order?id=1
2021-09-10T05:27:17.290Z/order?id=1
2021-09-10T05:27:17.890Z/order?id=1
2021-09-10T05:27:18.554Z/order?id=1
2021-09-10T05:27:19.282Z/order?id=1
2021-09-10T05:28:26.792Z/order?id=1
2021-09-10T05:28:27.793Z/order?id=1
2021-09-10T05:28:40.990Z/order?id=1
2021-09-10T05:31:50.376Z/order?id=1
2021-09-10T05:32:18.872Z/order?id=1
2021-09-10T05:32:29.644Z/order?id=1
2021-09-10T05:32:30.681Z/order?id=1
2021-09-10T05:32:49.871Z/order?id=1
2021-09-10T05:33:20.663Z/order?id=1
2021-09-10T05:33:46.630Z/order?id=1
2021-09-10T05:34:45.776Z/order?id=1
2021-09-10T05:34:47.186Z/order?id=1
2021-09-10T05:34:47.992Z/order?id=1
2021-09-10T05:34:49.376Z/order?id=1
2021-09-10T05:34:51.080Z/order?id=1
2021-09-10T05:34:54.721Z/order?id=1
2021-09-10T05:35:34.462Z/order?id=1
2021-09-10T05:35:35.208Z/order?id=1
2021-09-10T05:36:12.255Z/order?id=1
2021-09-10T05:36:13.209Z/order?id=1
2021-09-10T05:36:41.129Z/order?id=1
2021-09-10T05:36:42.098Z/order?id=1
2021-09-10T05:36:53.416Z/order?id=1
2021-09-10T05:37:09.944Z/order?id=1
2021-09-10T05:37:11.729Z/order?id=1
2021-09-10T05:37:17.804Z/order?id=1
2021-09-10T05:37:30.031Z/order?id=1
2021-09-10T05:37:31.187Z/order?id=1
2021-09-10T05:37:32.258Z/order?id=1
2021-09-10T05:37:33.225Z/order?id=1
2021-09-10T05:37:59.412Z/order?id=1
2021-09-10T05:38:00.312Z/order?id=1
2021-09-10T05:38:01.201Z/order?id=1
2021-09-10T05:38:35.491Z/order?id=1
2021-09-10T05:38:36.472Z/order?id=1
2021-09-10T05:38:39.679Z/order?id=1
2021-09-10T05:38:44.401Z/order?id=1
2021-09-10T05:38:46.087Z/order?id=1
2021-09-10T05:39:01.142Z/order?id=1
2021-09-10T05:39:02.271Z/order?id=1
2021-09-10T05:39:50.671Z/order?id=1
2021-09-10T05:39:51.823Z/order?id=1
2021-09-10T05:39:52.607Z/order?id=1
2021-09-10T05:39:53.687Z/order?id=1
2021-09-10T05:40:24.520Z/order?id=2
2021-09-10T05:40:40.212Z/order?id=2
2021-09-10T05:40:41.192Z/order?id=2
2021-09-10T05:41:10.518Z/order?id=2
2021-09-10T05:41:11.391Z/order?id=2
2021-09-10T05:41:16.314Z/order?id=2
2021-09-10T05:41:17.088Z/order?id=2
2021-09-10T05:41:17.719Z/order?id=2
2021-09-10T05:41:48.890Z/order
2021-09-10T05:42:02.445Z/menu
2021-09-10T05:42:07.371Z/menus
2021-09-10T05:50:06.263Z/menus
2021-09-10T05:50:12.854Z/menu?id=1
2021-09-10T05:53:39.770Z/menu?id=1
2021-09-10T05:53:48.410Z/menu?id=1
2021-09-10T05:54:03.969Z/menus
2021-09-10T05:54:42.739Z/menus
2021-09-10T05:54:56.643Z/menus
2021-09-10T05:55:16.683Z/menus
2021-09-10T05:55:18.175Z/menus
2021-09-10T05:55:36.946Z/menus
2021-09-10T05:55:45.319Z/menus
2021-09-10T05:55:54.625Z/menu?id=1
2021-09-10T05:56:11.616Z/menu?id=1
2021-09-10T05:56:18.425Z/menu?id=1
2021-09-10T05:56:29.447Z/menu?id=1
2021-09-10T05:56:43.901Z/menu?id=1
2021-09-10T05:56:45.245Z/menu?id=1
2021-09-10T05:56:52.513Z/menu?id=4
2021-09-10T06:54:03.064Z/
2021-09-10T06:54:08.329Z/CreateAccount?Name=Athiwat&Address=london&Tel=0123456789
2021-09-10T06:54:30.598Z/CreateAccount?Name=Athiwat&Address=london&Tel=0123456789
2021-09-10T06:54:31.741Z/CreateAccount?Name=Athiwat&Address=london&Tel=0123456789
2021-09-10T06:55:25.434Z/CreateAccount/?Name=a&&?Address=a&&?Tel=11111
2021-09-10T06:55:26.733Z/CreateAccount/?Name=a&&?Address=a&&?Tel=11111
2021-09-10T06:55:29.078Z/CreateAccount/?Name=a&&?Address=a&&?Tel=11111
2021-09-10T06:55:55.489Z/CreateAccount/?Name=a&&?Address=a&&?Tel=11222
2021-09-10T06:56:13.727Z/CreateAccount/?Name=a&&?Address=a&&?Tel=11222
2021-09-10T06:56:15.541Z/CreateAccount/?Name=a&&?Address=a&&?Tel=11222
2021-09-10T06:56:21.159Z/menu?id=4
2021-09-10T06:56:24.046Z/CreateAccount/?Name=a&&?Address=a&&?Tel=11222
2021-09-10T06:56:24.460Z/CreateAccount/?Name=a&&?Address=a&&?Tel=11222
2021-09-10T06:56:36.368Z/CreateAccount/?Name=a&&?Address=a&&?Tel=11222
2021-09-10T06:56:37.365Z/CreateAccount/?Name=a&&?Address=a&&?Tel=11222
2021-09-10T06:56:39.658Z/CreateAccount/?Name=a&&?Address=a&&?Tel=11222
2021-09-10T06:56:51.294Z/CreateAccount/?Name=a&&?Address=a&&?Tel=11222
2021-09-10T06:56:52.308Z/CreateAccount/?Name=a&&?Address=a&&?Tel=11222
2021-09-10T06:56:57.441Z/CreateAccount
2021-09-10T06:58:32.202Z/CreateAccount
2021-09-10T06:59:28.950Z/CreateAccount?Name=Athiwat&Address=london&Tel=0123456789
2021-09-10T06:59:45.219Z/CreateAccount?Name=Athiwat&Address=london&Tel=0123456789
2021-09-10T07:00:08.166Z/CreateAccount?Name=Athiwat&Address=london&Tel=0123456789
2021-09-10T07:00:09.193Z/CreateAccount?Name=Athiwat&Address=london&Tel=0123456789
2021-09-10T07:00:10.039Z/CreateAccount?Name=Athiwat&Address=london&Tel=0123456789
2021-09-10T07:01:16.579Z/CreateAccount?Name=Athiwat&Address=london&Tel=0123456789
2021-09-10T07:01:17.398Z/CreateAccount?Name=Athiwat&Address=london&Tel=0123456789
2021-09-10T07:01:18.398Z/CreateAccount?Name=Athiwat&Address=london&Tel=0123456789
2021-09-10T07:01:42.358Z/CreateAccount?Name=Athiwat&Address=london&Tel=0123456789
2021-09-10T07:01:44.736Z/CreateAccount?Name
2021-09-10T07:01:51.319Z/CreateAccount?Name=asd
